TN:
SF:src\App.tsx
FN:32,AppContent
FN:36,onRedirectCallback
FN:114,App
FNF:3
FNH:2
FNDA:1,AppContent
FNDA:0,onRedirectCallback
FNDA:1,App
DA:1,1
DA:3,1
DA:4,1
DA:5,1
DA:6,1
DA:9,1
DA:10,1
DA:11,1
DA:12,1
DA:13,1
DA:15,1
DA:17,1
DA:18,1
DA:19,1
DA:25,1
DA:32,1
DA:33,1
DA:36,1
DA:37,0
DA:40,0
DA:41,0
DA:45,1
DA:46,1
DA:47,1
DA:48,1
DA:49,1
DA:50,1
DA:51,1
DA:52,1
DA:54,1
DA:56,1
DA:58,1
DA:59,1
DA:60,1
DA:61,1
DA:62,1
DA:64,1
DA:65,1
DA:66,1
DA:67,1
DA:68,1
DA:69,1
DA:71,1
DA:75,1
DA:78,1
DA:79,1
DA:80,1
DA:81,1
DA:82,1
DA:83,1
DA:85,1
DA:86,1
DA:87,1
DA:88,1
DA:89,1
DA:90,1
DA:91,1
DA:93,1
DA:94,1
DA:95,1
DA:96,1
DA:97,1
DA:98,1
DA:99,1
DA:101,1
DA:103,1
DA:104,1
DA:105,1
DA:106,1
DA:107,1
DA:108,1
DA:110,1
DA:114,1
DA:115,1
DA:116,1
DA:118,1
LF:76
LH:73
BRDA:32,0,0,1
BRDA:114,1,0,1
BRF:2
BRH:2
end_of_record
TN:
SF:src\main.tsx
FN:1,(empty-report)
FNF:1
FNH:0
FNDA:0,(empty-report)
DA:1,0
DA:2,0
DA:3,0
DA:4,0
DA:5,0
DA:7,0
DA:8,0
DA:9,0
DA:10,0
DA:11,0
DA:12,0
DA:13,0
DA:14,0
LF:13
LH:0
BRDA:1,0,0,0
BRF:1
BRH:0
end_of_record
TN:
SF:src\supabaseClient.ts
FNF:0
FNH:0
DA:1,1
DA:2,1
DA:4,1
DA:5,1
DA:6,1
DA:7,1
DA:9,1
LF:7
LH:7
BRF:0
BRH:0
end_of_record
TN:
SF:src\components\Footer.tsx
FN:5,Footer
FNF:1
FNH:1
FNDA:1,Footer
DA:1,1
DA:2,1
DA:3,1
DA:5,1
DA:6,1
DA:7,1
DA:8,1
DA:9,1
DA:10,1
DA:11,1
DA:12,1
DA:13,1
DA:15,1
DA:16,1
DA:17,1
DA:18,1
DA:19,1
DA:20,1
DA:21,1
DA:22,1
DA:23,1
DA:25,1
DA:26,1
DA:27,1
DA:28,1
DA:29,1
DA:30,1
DA:31,1
DA:32,1
DA:33,1
DA:34,1
DA:35,1
DA:36,1
DA:37,1
DA:38,1
DA:39,1
DA:40,1
DA:41,1
DA:42,1
DA:43,1
DA:44,1
DA:45,1
DA:46,1
DA:47,1
DA:49,1
DA:50,1
DA:51,1
DA:52,1
DA:53,1
DA:54,1
DA:55,1
DA:56,1
DA:57,1
DA:58,1
DA:59,1
DA:60,1
DA:62,1
DA:64,1
LF:58
LH:58
BRDA:5,0,0,1
BRF:1
BRH:1
end_of_record
TN:
SF:src\components\Hero.tsx
FN:10,Hero
FN:27,handleLoginPrompt
FNF:2
FNH:1
FNDA:1,Hero
FNDA:0,handleLoginPrompt
DA:1,1
DA:2,1
DA:3,1
DA:4,1
DA:5,1
DA:10,1
DA:11,1
DA:12,1
DA:13,1
DA:14,1
DA:17,1
DA:23,1
DA:27,1
DA:28,0
DA:29,0
DA:31,0
DA:32,0
DA:34,1
DA:35,1
DA:36,1
DA:37,1
DA:38,1
DA:39,1
DA:41,1
DA:42,1
DA:47,1
DA:48,1
DA:49,1
DA:51,1
DA:52,1
DA:55,1
DA:56,0
DA:57,0
DA:58,0
DA:59,0
DA:61,0
DA:62,0
DA:63,0
DA:64,0
DA:68,1
DA:71,1
DA:73,1
DA:74,1
DA:75,1
DA:76,1
DA:77,1
DA:78,1
DA:79,1
DA:80,1
DA:81,1
DA:82,1
DA:83,1
DA:84,1
DA:85,1
DA:86,1
DA:87,1
DA:88,1
DA:89,1
DA:90,1
DA:91,1
DA:92,1
DA:93,1
DA:94,1
DA:96,1
DA:97,1
DA:99,1
DA:101,1
LF:67
LH:55
BRDA:10,0,0,1
BRDA:55,1,0,0
BRF:2
BRH:1
end_of_record
TN:
SF:src\components\ImageGallery.tsx
FN:1,(empty-report)
FNF:1
FNH:0
FNDA:0,(empty-report)
DA:1,0
DA:2,0
DA:4,0
DA:5,0
DA:7,0
DA:8,0
DA:9,0
DA:11,0
DA:12,0
DA:13,0
DA:14,0
DA:15,0
DA:16,0
DA:17,0
DA:18,0
DA:20,0
DA:21,0
DA:23,0
DA:24,0
DA:25,0
DA:26,0
DA:27,0
DA:28,0
DA:30,0
DA:32,0
LF:25
LH:0
BRDA:1,0,0,0
BRF:1
BRH:0
end_of_record
TN:
SF:src\components\ImageGalleryDisplay.tsx
FN:8,ImageGalleryDisplay
FNF:1
FNH:0
FNDA:0,ImageGalleryDisplay
DA:1,1
DA:8,1
DA:9,0
DA:11,0
DA:12,0
DA:13,0
DA:14,0
DA:15,0
DA:16,0
DA:17,0
DA:18,0
DA:19,0
DA:21,0
DA:23,1
LF:14
LH:3
BRF:0
BRH:0
end_of_record
TN:
SF:src\components\Navbar.tsx
FN:9,Navbar
FN:25,fetchTokenAndRole
FN:101,onClick
FN:150,onClick
FN:161,onClick
FNF:5
FNH:4
FNDA:20,Navbar
FNDA:11,fetchTokenAndRole
FNDA:0,onClick
FNDA:1,onClick
FNDA:1,onClick
DA:1,1
DA:2,1
DA:3,1
DA:4,1
DA:5,1
DA:7,1
DA:9,1
DA:10,20
DA:11,20
DA:12,20
DA:13,20
DA:14,20
DA:15,20
DA:16,20
DA:17,20
DA:20,20
DA:21,20
DA:24,20
DA:25,11
DA:26,11
DA:27,7
DA:28,7
DA:31,7
DA:34,7
DA:35,7
DA:39,7
DA:40,7
DA:41,7
DA:42,7
DA:43,7
DA:44,7
DA:45,7
DA:48,7
DA:49,7
DA:50,7
DA:51,7
DA:53,7
DA:54,6
DA:55,6
DA:56,6
DA:57,7
DA:58,1
DA:59,1
DA:60,1
DA:61,7
DA:62,0
DA:63,0
DA:64,0
DA:65,7
DA:66,7
DA:67,7
DA:68,11
DA:70,3
DA:71,3
DA:72,3
DA:73,3
DA:74,4
DA:75,1
DA:76,1
DA:77,11
DA:79,11
DA:80,20
DA:83,20
DA:84,20
DA:85,20
DA:87,20
DA:88,20
DA:89,20
DA:92,20
DA:95,20
DA:96,20
DA:97,20
DA:98,20
DA:99,20
DA:100,20
DA:101,20
DA:102,0
DA:103,0
DA:104,0
DA:105,0
DA:106,0
DA:107,0
DA:108,0
DA:109,20
DA:111,20
DA:112,20
DA:118,20
DA:119,4
DA:120,4
DA:121,4
DA:126,20
DA:127,1
DA:128,1
DA:129,1
DA:134,20
DA:135,1
DA:136,1
DA:137,1
DA:139,20
DA:142,20
DA:145,20
DA:146,19
DA:148,6
DA:149,6
DA:150,6
DA:151,6
DA:153,6
DA:156,13
DA:158,13
DA:159,13
DA:160,13
DA:161,13
DA:162,1
DA:163,1
DA:164,13
DA:166,13
DA:167,13
DA:172,20
DA:173,20
DA:174,20
DA:175,20
DA:176,20
DA:177,20
DA:179,20
DA:181,1
LF:125
LH:115
BRDA:9,0,0,20
BRDA:118,1,0,19
BRDA:118,2,0,13
BRDA:118,3,0,6
BRDA:118,4,0,5
BRDA:118,5,0,4
BRDA:126,6,0,19
BRDA:126,7,0,13
BRDA:126,8,0,6
BRDA:126,9,0,1
BRDA:134,10,0,19
BRDA:134,11,0,13
BRDA:134,12,0,6
BRDA:134,13,0,1
BRDA:145,14,0,1
BRDA:145,15,0,19
BRDA:146,16,0,6
BRDA:153,17,0,13
BRDA:158,18,0,1
BRDA:158,19,0,0
BRDA:24,20,0,11
BRDA:25,21,0,11
BRDA:26,22,0,10
BRDA:26,23,0,7
BRDA:53,24,0,6
BRDA:57,25,0,1
BRDA:61,26,0,0
BRDA:68,27,0,4
BRDA:68,28,0,3
BRDA:68,29,0,3
BRDA:74,30,0,1
BRDA:150,31,0,1
BRDA:161,32,0,1
BRF:33
BRH:31
end_of_record
TN:
SF:src\components\ProductForm.tsx
FN:17,ProductForm
FN:38,onChange
FN:51,onChange
FN:67,onChange
FN:80,onChange
FN:99,onChange
FN:116,onClick
FNF:7
FNH:7
FNDA:9,ProductForm
FNDA:1,onChange
FNDA:1,onChange
FNDA:1,onChange
FNDA:1,onChange
FNDA:1,onChange
FNDA:1,onClick
DA:1,1
DA:17,1
DA:18,9
DA:19,9
DA:20,9
DA:21,9
DA:22,9
DA:23,9
DA:24,9
DA:25,9
DA:26,9
DA:27,9
DA:28,9
DA:29,9
DA:32,9
DA:33,9
DA:34,9
DA:35,9
DA:36,9
DA:37,9
DA:38,9
DA:39,9
DA:40,9
DA:41,9
DA:42,9
DA:43,9
DA:46,9
DA:47,9
DA:48,9
DA:49,9
DA:50,9
DA:51,9
DA:52,9
DA:53,9
DA:54,9
DA:55,9
DA:56,9
DA:57,9
DA:60,9
DA:61,9
DA:62,9
DA:63,9
DA:64,9
DA:65,9
DA:66,9
DA:67,9
DA:68,9
DA:69,9
DA:70,9
DA:71,9
DA:72,9
DA:73,9
DA:74,9
DA:75,9
DA:76,9
DA:77,9
DA:78,9
DA:79,9
DA:80,9
DA:81,9
DA:82,9
DA:84,9
DA:85,9
DA:86,27
DA:87,9
DA:88,9
DA:89,9
DA:90,9
DA:93,9
DA:94,9
DA:95,9
DA:96,9
DA:97,9
DA:98,9
DA:99,9
DA:100,9
DA:101,9
DA:102,9
DA:103,9
DA:104,1
DA:105,1
DA:106,1
DA:108,9
DA:109,9
DA:112,9
DA:113,8
DA:114,8
DA:115,8
DA:116,8
DA:117,8
DA:118,8
DA:120,8
DA:122,9
DA:124,9
DA:126,1
LF:95
LH:95
BRDA:17,0,0,9
BRDA:103,1,0,1
BRDA:108,2,0,8
BRDA:112,3,0,8
BRDA:38,4,0,1
BRDA:51,5,0,1
BRDA:67,6,0,1
BRDA:80,7,0,1
BRDA:85,8,0,27
BRDA:99,9,0,1
BRDA:116,10,0,1
BRF:11
BRH:11
end_of_record
TN:
SF:src\components\ProductList.tsx
FN:16,ProductList
FNF:1
FNH:1
FNDA:5,ProductList
DA:1,1
DA:3,1
DA:16,1
DA:17,5
DA:18,5
DA:19,5
DA:20,5
DA:21,5
DA:22,5
DA:23,5
DA:24,5
DA:25,5
DA:26,5
DA:27,5
DA:28,5
DA:30,5
DA:31,9
DA:32,9
DA:33,9
DA:34,9
DA:35,9
DA:36,9
DA:37,9
DA:38,9
DA:39,9
DA:40,9
DA:41,9
DA:42,5
DA:44,5
DA:45,5
DA:46,5
DA:47,5
DA:48,5
DA:49,5
DA:51,5
DA:52,5
DA:54,5
DA:56,1
LF:38
LH:38
BRDA:16,0,0,5
BRDA:30,1,0,9
BRF:2
BRH:2
end_of_record
TN:
SF:src\components\ProtectedRoute.tsx
FN:12,ProtectedRoute
FNF:1
FNH:0
FNDA:0,ProtectedRoute
DA:1,1
DA:2,1
DA:3,1
DA:10,1
DA:12,1
DA:13,0
DA:14,0
DA:15,0
DA:17,0
DA:18,0
DA:19,0
DA:20,0
DA:21,0
DA:22,0
DA:23,0
DA:25,0
DA:26,0
DA:27,0
DA:28,0
DA:29,0
DA:30,0
DA:32,0
DA:33,0
DA:34,0
DA:35,0
DA:36,0
DA:37,0
DA:38,0
DA:39,0
DA:40,0
DA:41,0
DA:42,0
DA:43,0
DA:45,0
DA:46,0
DA:48,0
DA:51,0
DA:52,0
DA:53,0
DA:55,0
DA:56,0
DA:58,1
LF:42
LH:6
BRF:0
BRH:0
end_of_record
TN:
SF:src\components\StoreInfoForm.tsx
FN:10,StoreInfoForm
FNF:1
FNH:0
FNDA:0,StoreInfoForm
DA:1,1
DA:10,1
DA:11,0
DA:12,0
DA:13,0
DA:14,0
DA:15,0
DA:16,0
DA:17,0
DA:18,0
DA:19,0
DA:20,0
DA:21,0
DA:22,0
DA:23,0
DA:24,0
DA:25,0
DA:26,0
DA:27,0
DA:28,0
DA:29,0
DA:30,0
DA:32,0
DA:34,1
LF:24
LH:3
BRF:0
BRH:0
end_of_record
TN:
SF:src\components\SubmissionStatus.tsx
FN:9,SubmissionStatus
FNF:1
FNH:0
FNDA:0,SubmissionStatus
DA:1,1
DA:9,1
DA:10,0
DA:12,0
DA:13,0
DA:14,0
DA:15,0
DA:16,0
DA:18,0
DA:20,1
LF:10
LH:3
BRF:0
BRH:0
end_of_record
TN:
SF:src\components\UploadForm.tsx
FN:1,(empty-report)
FNF:1
FNH:0
FNDA:0,(empty-report)
DA:1,0
DA:2,0
DA:4,0
DA:6,0
DA:7,0
DA:8,0
DA:10,0
DA:11,0
DA:12,0
DA:13,0
DA:14,0
DA:16,0
DA:17,0
DA:19,0
DA:20,0
DA:22,0
DA:23,0
DA:24,0
DA:25,0
DA:27,0
DA:28,0
DA:29,0
DA:31,0
DA:32,0
DA:33,0
DA:34,0
DA:35,0
DA:36,0
DA:38,0
DA:40,0
LF:30
LH:0
BRDA:1,0,0,0
BRF:1
BRH:0
end_of_record
TN:
SF:src\components\WhyChooseUs.tsx
FN:14,Feature
FN:26,WhyChooseUs
FNF:2
FNH:2
FNDA:4,Feature
FNDA:1,WhyChooseUs
DA:1,1
DA:4,1
DA:6,1
DA:14,1
DA:15,4
DA:16,4
DA:17,4
DA:18,4
DA:19,4
DA:20,4
DA:21,4
DA:22,4
DA:24,4
DA:26,1
DA:27,1
DA:28,1
DA:29,1
DA:31,1
DA:32,1
DA:33,1
DA:35,1
DA:36,1
DA:39,1
DA:40,1
DA:41,1
DA:43,1
DA:44,1
DA:45,1
DA:46,1
DA:47,1
DA:48,1
DA:50,1
DA:51,1
DA:52,1
DA:54,1
DA:55,1
DA:56,1
DA:57,1
DA:58,1
DA:60,1
DA:61,1
DA:62,1
DA:64,1
DA:65,1
DA:66,1
DA:67,1
DA:68,1
DA:70,1
DA:71,1
DA:72,1
DA:74,1
DA:75,1
DA:76,1
DA:77,1
DA:78,1
DA:80,1
DA:81,1
DA:82,1
DA:83,1
DA:84,1
DA:87,1
DA:88,1
DA:89,1
DA:90,1
DA:92,1
DA:93,1
DA:96,1
DA:97,1
DA:98,1
DA:100,1
DA:102,1
LF:71
LH:71
BRDA:14,0,0,4
BRDA:26,1,0,1
BRF:2
BRH:2
end_of_record
TN:
SF:src\components\utils\ImageImports.tsx
FN:28,getImage
FNF:1
FNH:1
FNDA:4,getImage
DA:1,1
DA:28,1
DA:30,4
DA:31,4
LF:4
LH:4
BRDA:28,0,0,4
BRF:1
BRH:1
end_of_record
TN:
SF:src\context\ContextCart.tsx
FN:26,CartProvider
FN:88,addToCart
FN:115,removeFromCart
FN:119,updateQuantity
FN:125,clearCart
FN:148,useCart
FNF:6
FNH:1
FNDA:1,CartProvider
FNDA:0,addToCart
FNDA:0,removeFromCart
FNDA:0,updateQuantity
FNDA:0,clearCart
FNDA:0,useCart
DA:1,1
DA:24,1
DA:26,1
DA:27,1
DA:28,1
DA:29,1
DA:31,1
DA:32,1
DA:33,1
DA:34,1
DA:36,1
DA:37,1
DA:39,1
DA:40,1
DA:41,1
DA:42,1
DA:43,1
DA:44,0
DA:45,1
DA:46,1
DA:47,1
DA:48,1
DA:49,1
DA:50,1
DA:52,1
DA:53,0
DA:55,0
DA:56,0
DA:57,0
DA:58,0
DA:59,0
DA:60,0
DA:61,0
DA:62,0
DA:63,0
DA:64,0
DA:65,0
DA:66,0
DA:67,0
DA:68,0
DA:69,0
DA:70,0
DA:71,0
DA:72,0
DA:73,0
DA:74,0
DA:75,1
DA:77,1
DA:78,1
DA:79,1
DA:81,1
DA:82,1
DA:83,0
DA:84,0
DA:85,0
DA:86,1
DA:88,1
DA:89,0
DA:90,0
DA:91,0
DA:92,0
DA:93,0
DA:94,0
DA:95,0
DA:96,0
DA:97,0
DA:98,0
DA:99,0
DA:102,0
DA:103,0
DA:104,0
DA:105,0
DA:106,0
DA:107,0
DA:108,0
DA:109,0
DA:110,0
DA:111,0
DA:112,0
DA:113,0
DA:115,1
DA:116,0
DA:117,0
DA:119,1
DA:120,0
DA:121,0
DA:122,0
DA:123,0
DA:125,1
DA:126,0
DA:127,0
DA:129,1
DA:130,1
DA:132,1
DA:133,1
DA:134,1
DA:135,1
DA:136,1
DA:137,1
DA:138,1
DA:139,1
DA:140,1
DA:141,1
DA:142,1
DA:143,1
DA:144,1
DA:146,1
DA:148,1
DA:149,0
DA:150,0
DA:151,0
DA:152,0
LF:112
LH:52
BRDA:26,0,0,1
BRDA:36,1,0,1
BRDA:37,2,0,0
BRDA:43,3,0,0
BRDA:77,4,0,1
BRDA:81,5,0,1
BRDA:82,6,0,0
BRDA:82,7,0,0
BRF:8
BRH:4
end_of_record
TN:
SF:src\pages\AdminDashboard.tsx
FN:4,AdminDashboard
FNF:1
FNH:0
FNDA:0,AdminDashboard
DA:1,1
DA:4,1
DA:5,0
DA:6,0
DA:7,0
DA:8,0
DA:9,0
DA:11,0
DA:13,1
LF:9
LH:3
BRF:0
BRH:0
end_of_record
TN:
SF:src\pages\CartPage.tsx
FN:4,CartPage
FNF:1
FNH:0
FNDA:0,CartPage
DA:1,1
DA:2,1
DA:4,1
DA:5,0
DA:6,0
DA:7,0
DA:8,0
DA:9,0
DA:10,0
DA:11,0
DA:12,0
DA:14,0
DA:15,0
DA:16,0
DA:18,0
DA:19,0
DA:20,0
DA:21,0
DA:22,0
DA:24,0
DA:25,0
DA:26,0
DA:27,0
DA:29,0
DA:30,0
DA:32,0
DA:33,0
DA:34,0
DA:35,0
DA:36,0
DA:37,0
DA:38,0
DA:39,0
DA:40,0
DA:41,0
DA:42,0
DA:43,0
DA:44,0
DA:45,0
DA:46,0
DA:47,0
DA:49,0
DA:50,0
DA:51,0
DA:52,0
DA:53,0
DA:54,0
DA:56,0
DA:57,0
DA:58,0
DA:59,0
DA:60,0
DA:61,0
DA:62,0
DA:63,0
DA:64,0
DA:65,0
DA:66,0
DA:68,0
DA:69,0
DA:70,0
DA:71,0
DA:73,0
DA:74,0
DA:75,0
DA:76,0
DA:77,0
DA:78,0
DA:79,0
DA:80,0
DA:81,0
DA:82,0
DA:83,0
DA:84,0
DA:85,0
DA:86,0
DA:88,0
DA:89,0
DA:91,0
DA:92,0
DA:93,0
DA:94,0
DA:95,0
DA:97,0
DA:98,0
DA:99,0
DA:100,0
DA:102,0
DA:104,0
DA:106,1
LF:90
LH:4
BRF:0
BRH:0
end_of_record
TN:
SF:src\pages\CreateYourStore.tsx
FN:21,CreateYourStore
FNF:1
FNH:0
FNDA:0,CreateYourStore
DA:1,1
DA:3,1
DA:4,1
DA:5,1
DA:6,1
DA:7,1
DA:8,1
DA:9,1
DA:12,1
DA:13,1
DA:14,1
DA:15,1
DA:16,1
DA:17,1
DA:18,1
DA:19,1
DA:21,1
DA:23,0
DA:26,0
DA:28,0
DA:29,0
DA:30,0
DA:31,0
DA:33,0
DA:35,0
DA:37,0
DA:40,0
DA:41,0
DA:42,0
DA:43,0
DA:44,0
DA:45,0
DA:46,0
DA:47,0
DA:48,0
DA:50,0
DA:51,0
DA:52,0
DA:53,0
DA:54,0
DA:55,0
DA:56,0
DA:64,0
DA:65,0
DA:66,0
DA:69,0
DA:70,0
DA:71,0
DA:73,0
DA:74,0
DA:75,0
DA:76,0
DA:79,0
DA:80,0
DA:82,0
DA:83,0
DA:84,0
DA:86,0
DA:87,0
DA:88,0
DA:89,0
DA:90,0
DA:92,0
DA:93,0
DA:94,0
DA:95,0
DA:97,0
DA:98,0
DA:99,0
DA:100,0
DA:101,0
DA:102,0
DA:103,0
DA:104,0
DA:105,0
DA:106,0
DA:107,0
DA:110,0
DA:111,0
DA:112,0
DA:113,0
DA:114,0
DA:115,0
DA:118,0
DA:120,0
DA:121,0
DA:122,0
DA:123,0
DA:124,0
DA:126,0
DA:127,0
DA:128,0
DA:129,0
DA:130,0
DA:135,0
DA:136,0
DA:137,0
DA:139,0
DA:140,0
DA:141,0
DA:142,0
DA:143,0
DA:145,0
DA:147,0
DA:148,0
DA:149,0
DA:150,0
DA:152,0
DA:154,0
DA:155,0
DA:156,0
DA:157,0
DA:158,0
DA:159,0
DA:160,0
DA:164,0
DA:165,0
DA:166,0
DA:167,0
DA:168,0
DA:172,0
DA:173,0
DA:175,0
DA:176,0
DA:177,0
DA:180,0
DA:181,0
DA:183,0
DA:185,0
DA:186,0
DA:188,0
DA:189,0
DA:190,0
DA:191,0
DA:192,0
DA:193,0
DA:194,0
DA:195,0
DA:198,0
DA:199,0
DA:200,0
DA:201,0
DA:203,0
DA:204,0
DA:205,0
DA:206,0
DA:207,0
DA:210,0
DA:211,0
DA:213,0
DA:214,0
DA:215,0
DA:216,0
DA:217,0
DA:218,0
DA:220,0
DA:223,0
DA:224,0
DA:226,0
DA:227,0
DA:228,0
DA:229,0
DA:230,0
DA:231,0
DA:235,0
DA:236,0
DA:238,0
DA:240,0
DA:241,0
DA:243,0
DA:244,0
DA:245,0
DA:246,0
DA:247,0
DA:248,0
DA:249,0
DA:250,0
DA:251,0
DA:252,0
DA:253,0
DA:258,0
DA:259,0
DA:260,0
DA:261,0
DA:262,0
DA:263,0
DA:264,0
DA:265,0
DA:266,0
DA:269,0
DA:270,0
DA:271,0
DA:273,0
DA:274,0
DA:275,0
DA:276,0
DA:277,0
DA:280,0
DA:281,0
DA:282,0
DA:285,0
DA:287,0
DA:289,0
DA:291,0
DA:293,0
DA:294,0
DA:296,0
DA:297,0
DA:298,0
DA:303,0
DA:305,0
DA:306,0
DA:307,0
DA:308,0
DA:310,0
DA:313,0
DA:316,0
DA:319,0
DA:321,0
DA:322,0
DA:323,0
DA:324,0
DA:325,0
DA:328,0
DA:329,0
DA:330,0
DA:331,0
DA:332,0
DA:333,0
DA:334,0
DA:335,0
DA:336,0
DA:339,0
DA:340,0
DA:341,0
DA:342,0
DA:343,0
DA:345,0
DA:346,0
DA:347,0
DA:348,0
DA:349,0
DA:351,0
DA:353,1
LF:244
LH:18
BRF:0
BRH:0
end_of_record
TN:
SF:src\pages\MyStore.tsx
FN:55,MyStore
FN:123,uploadImageToBackend
FN:216,checkAuthAndLoad
FN:268,handleNewProductChange
FN:273,handleNewProductImageChange
FN:291,handleAddProduct
FN:364,openEditModal
FN:381,closeEditModal
FN:392,handleEditFormChange
FN:397,handleEditImageChange
FN:414,handleUpdateProduct
FN:520,handleDeleteClick
FN:550,confirmDelete
FN:622,onClick
FN:652,onClick
FN:682,onChange
FN:686,onChange
FN:692,onChange
FN:696,onChange
FN:716,onClick
FN:740,onError
FN:762,onClick
FN:771,onClick
FN:792,onClick
FN:818,onChange
FN:822,onChange
FN:827,onChange
FN:831,onChange
FNF:28
FNH:2
FNDA:4,MyStore
FNDA:0,uploadImageToBackend
FNDA:4,checkAuthAndLoad
FNDA:0,handleNewProductChange
FNDA:0,handleNewProductImageChange
FNDA:0,handleAddProduct
FNDA:0,openEditModal
FNDA:0,closeEditModal
FNDA:0,handleEditFormChange
FNDA:0,handleEditImageChange
FNDA:0,handleUpdateProduct
FNDA:0,handleDeleteClick
FNDA:0,confirmDelete
FNDA:0,onClick
FNDA:0,onClick
FNDA:0,onChange
FNDA:0,onChange
FNDA:0,onChange
FNDA:0,onChange
FNDA:0,onClick
FNDA:0,onError
FNDA:0,onClick
FNDA:0,onClick
FNDA:0,onClick
FNDA:0,onChange
FNDA:0,onChange
FNDA:0,onChange
FNDA:0,onChange
DA:1,1
DA:2,1
DA:3,1
DA:4,1
DA:55,1
DA:57,4
DA:58,4
DA:62,4
DA:63,4
DA:64,4
DA:65,4
DA:66,4
DA:69,4
DA:70,4
DA:71,4
DA:72,4
DA:73,4
DA:76,4
DA:77,4
DA:78,4
DA:79,4
DA:80,4
DA:81,4
DA:82,4
DA:85,4
DA:89,4
DA:90,4
DA:91,4
DA:92,4
DA:93,4
DA:101,4
DA:102,1
DA:103,1
DA:104,1
DA:105,1
DA:106,1
DA:107,0
DA:109,0
DA:110,0
DA:111,0
DA:112,0
DA:113,0
DA:114,4
DA:123,4
DA:124,0
DA:125,0
DA:127,0
DA:128,0
DA:129,0
DA:130,0
DA:132,0
DA:133,0
DA:134,0
DA:136,0
DA:138,0
DA:139,0
DA:140,0
DA:142,0
DA:143,0
DA:145,0
DA:146,0
DA:147,0
DA:148,0
DA:149,0
DA:156,4
DA:157,4
DA:158,4
DA:159,4
DA:160,4
DA:163,4
DA:164,0
DA:166,0
DA:167,0
DA:168,0
DA:169,0
DA:170,0
DA:172,4
DA:173,4
DA:174,4
DA:175,4
DA:177,4
DA:179,0
DA:180,0
DA:182,0
DA:184,0
DA:185,0
DA:187,0
DA:188,0
DA:189,0
DA:192,4
DA:194,4
DA:195,0
DA:196,0
DA:197,4
DA:198,4
DA:200,4
DA:201,0
DA:202,0
DA:203,0
DA:204,4
DA:205,4
DA:206,4
DA:207,4
DA:208,4
DA:211,4
DA:216,4
DA:217,4
DA:218,4
DA:219,4
DA:221,4
DA:222,4
DA:223,4
DA:224,4
DA:225,4
DA:226,4
DA:228,0
DA:229,0
DA:230,0
DA:231,0
DA:232,0
DA:233,4
DA:234,0
DA:236,0
DA:237,0
DA:238,0
DA:240,0
DA:241,0
DA:242,0
DA:243,0
DA:244,0
DA:245,0
DA:248,0
DA:249,0
DA:250,0
DA:252,0
DA:253,0
DA:254,0
DA:255,0
DA:256,0
DA:257,4
DA:258,4
DA:260,4
DA:268,4
DA:269,0
DA:270,0
DA:273,4
DA:274,0
DA:275,0
DA:278,0
DA:279,0
DA:280,0
DA:281,0
DA:282,0
DA:283,0
DA:284,0
DA:286,0
DA:287,0
DA:288,0
DA:291,4
DA:292,0
DA:293,0
DA:294,0
DA:297,0
DA:298,0
DA:299,0
DA:300,0
DA:301,0
DA:304,0
DA:305,0
DA:306,0
DA:307,0
DA:308,0
DA:309,0
DA:311,0
DA:313,0
DA:314,0
DA:315,0
DA:319,0
DA:320,0
DA:321,0
DA:322,0
DA:323,0
DA:324,0
DA:325,0
DA:326,0
DA:328,0
DA:331,0
DA:332,0
DA:333,0
DA:334,0
DA:335,0
DA:336,0
DA:337,0
DA:338,0
DA:340,0
DA:342,0
DA:343,0
DA:344,0
DA:347,0
DA:348,0
DA:349,0
DA:350,0
DA:351,0
DA:353,0
DA:354,0
DA:355,0
DA:356,0
DA:357,0
DA:358,0
DA:359,0
DA:364,4
DA:365,0
DA:366,0
DA:368,0
DA:369,0
DA:370,0
DA:371,0
DA:372,0
DA:373,0
DA:374,0
DA:375,0
DA:376,0
DA:377,0
DA:378,0
DA:381,4
DA:382,0
DA:383,0
DA:384,0
DA:385,0
DA:386,0
DA:387,0
DA:388,0
DA:389,0
DA:392,4
DA:393,0
DA:394,0
DA:397,4
DA:398,0
DA:399,0
DA:402,0
DA:404,0
DA:405,0
DA:406,0
DA:407,0
DA:409,0
DA:410,0
DA:411,0
DA:414,4
DA:415,0
DA:416,0
DA:417,0
DA:420,0
DA:421,0
DA:422,0
DA:423,0
DA:424,0
DA:425,0
DA:429,0
DA:430,0
DA:431,0
DA:432,0
DA:433,0
DA:435,0
DA:436,0
DA:439,0
DA:440,0
DA:441,0
DA:442,0
DA:444,0
DA:445,0
DA:446,0
DA:450,0
DA:451,0
DA:452,0
DA:453,0
DA:454,0
DA:456,0
DA:457,0
DA:460,0
DA:461,0
DA:464,0
DA:465,0
DA:466,0
DA:467,0
DA:468,0
DA:471,0
DA:472,0
DA:473,0
DA:477,0
DA:478,0
DA:479,0
DA:481,0
DA:484,0
DA:485,0
DA:486,0
DA:487,0
DA:488,0
DA:489,0
DA:490,0
DA:491,0
DA:493,0
DA:495,0
DA:496,0
DA:497,0
DA:500,0
DA:501,0
DA:502,0
DA:504,0
DA:505,0
DA:506,0
DA:508,0
DA:509,0
DA:510,0
DA:511,0
DA:520,4
DA:522,0
DA:526,0
DA:528,0
DA:529,0
DA:531,0
DA:533,0
DA:534,0
DA:535,0
DA:536,0
DA:537,0
DA:538,0
DA:541,0
DA:542,0
DA:543,0
DA:544,0
DA:550,4
DA:552,0
DA:553,0
DA:556,0
DA:557,0
DA:558,0
DA:559,0
DA:560,0
DA:561,0
DA:563,0
DA:568,0
DA:571,0
DA:572,0
DA:573,0
DA:574,0
DA:577,0
DA:579,0
DA:581,0
DA:582,0
DA:584,0
DA:593,0
DA:595,0
DA:596,0
DA:598,0
DA:599,0
DA:600,0
DA:601,0
DA:602,0
DA:603,0
DA:608,4
DA:609,1
DA:610,1
DA:612,4
DA:613,0
DA:614,0
DA:616,4
DA:617,0
DA:618,0
DA:619,0
DA:620,0
DA:622,0
DA:623,0
DA:625,0
DA:627,4
DA:628,0
DA:629,0
DA:630,0
DA:631,0
DA:632,0
DA:633,0
DA:635,0
DA:637,4
DA:638,0
DA:639,0
DA:643,3
DA:644,3
DA:647,3
DA:648,3
DA:650,3
DA:651,3
DA:652,3
DA:653,0
DA:654,0
DA:656,0
DA:657,0
DA:658,0
DA:659,0
DA:660,0
DA:661,3
DA:663,4
DA:664,4
DA:665,4
DA:668,4
DA:669,0
DA:673,4
DA:674,0
DA:675,0
DA:677,0
DA:680,0
DA:681,0
DA:682,0
DA:683,0
DA:684,0
DA:685,0
DA:686,0
DA:687,0
DA:689,0
DA:690,0
DA:691,0
DA:692,0
DA:693,0
DA:694,0
DA:695,0
DA:696,0
DA:697,0
DA:698,0
DA:699,0
DA:700,0
DA:701,0
DA:703,0
DA:704,0
DA:705,0
DA:707,0
DA:708,0
DA:709,0
DA:710,0
DA:712,0
DA:715,0
DA:716,0
DA:717,0
DA:718,0
DA:719,0
DA:720,0
DA:721,0
DA:725,4
DA:726,4
DA:727,4
DA:729,3
DA:730,3
DA:732,6
DA:734,6
DA:735,6
DA:736,3
DA:737,3
DA:738,3
DA:740,3
DA:741,0
DA:742,0
DA:743,0
DA:744,0
DA:745,3
DA:746,3
DA:748,6
DA:749,6
DA:750,6
DA:751,6
DA:753,6
DA:754,6
DA:755,6
DA:756,6
DA:757,6
DA:759,6
DA:760,6
DA:761,6
DA:762,6
DA:764,6
DA:765,6
DA:767,6
DA:768,6
DA:769,6
DA:771,6
DA:773,6
DA:776,6
DA:777,6
DA:778,6
DA:779,6
DA:780,6
DA:782,3
DA:783,3
DA:786,0
DA:787,0
DA:789,0
DA:790,0
DA:791,0
DA:792,0
DA:793,0
DA:794,0
DA:795,0
DA:796,0
DA:797,0
DA:799,0
DA:801,0
DA:803,4
DA:806,4
DA:808,0
DA:810,0
DA:811,0
DA:813,0
DA:816,0
DA:817,0
DA:818,0
DA:819,0
DA:820,0
DA:821,0
DA:822,0
DA:823,0
DA:824,0
DA:825,0
DA:826,0
DA:827,0
DA:828,0
DA:829,0
DA:830,0
DA:831,0
DA:832,0
DA:833,0
DA:834,0
DA:835,0
DA:836,0
DA:838,0
DA:839,0
DA:840,0
DA:842,0
DA:843,0
DA:844,0
DA:845,0
DA:846,0
DA:848,0
DA:851,0
DA:852,0
DA:853,0
DA:854,0
DA:855,0
DA:856,0
DA:857,0
DA:858,0
DA:860,4
DA:862,4
DA:864,1
LF:549
LH:150
BRDA:55,0,0,4
BRDA:608,1,0,1
BRDA:610,2,0,3
BRDA:612,3,0,0
BRDA:614,4,0,3
BRDA:616,5,0,0
BRDA:625,6,0,3
BRDA:627,7,0,0
BRDA:627,8,0,0
BRDA:627,9,0,0
BRDA:635,10,0,3
BRDA:637,11,0,0
BRDA:639,12,0,3
BRDA:663,13,0,0
BRDA:663,14,0,3
BRDA:668,15,0,0
BRDA:668,16,0,0
BRDA:668,17,0,0
BRDA:673,18,0,0
BRDA:727,19,0,3
BRDA:727,20,0,3
BRDA:783,21,0,0
BRDA:806,22,0,0
BRDA:806,23,0,0
BRDA:101,24,0,1
BRDA:106,25,0,0
BRDA:156,26,0,4
BRDA:163,27,0,0
BRDA:163,28,0,0
BRDA:163,29,0,0
BRDA:177,30,0,0
BRDA:194,31,0,0
BRDA:200,32,0,0
BRDA:211,33,0,4
BRDA:216,34,0,4
BRDA:223,35,0,1
BRDA:223,36,0,1
BRDA:226,37,0,0
BRDA:233,38,0,0
BRDA:730,39,0,6
BRDA:735,40,0,3
BRDA:745,41,0,3
BRDA:748,42,0,3
BRDA:748,43,0,3
BRDA:776,44,0,0
BRF:45
BRH:21
end_of_record
TN:
SF:src\pages\ProductsPage.tsx
FN:30,ProductsPage
FNF:1
FNH:0
FNDA:0,ProductsPage
DA:1,1
DA:2,1
DA:3,1
DA:4,1
DA:5,1
DA:29,1
DA:30,1
DA:31,0
DA:32,0
DA:33,0
DA:34,0
DA:35,0
DA:36,0
DA:38,0
DA:40,0
DA:41,0
DA:42,0
DA:43,0
DA:45,0
DA:46,0
DA:47,0
DA:49,0
DA:50,0
DA:51,0
DA:52,0
DA:53,0
DA:54,0
DA:55,0
DA:56,0
DA:58,0
DA:59,0
DA:60,0
DA:61,0
DA:62,0
DA:63,0
DA:65,0
DA:66,0
DA:69,0
DA:70,0
DA:71,0
DA:72,0
DA:73,0
DA:74,0
DA:75,0
DA:76,0
DA:77,0
DA:79,0
DA:80,0
DA:81,0
DA:82,0
DA:83,0
DA:84,0
DA:85,0
DA:86,0
DA:87,0
DA:91,0
DA:92,0
DA:93,0
DA:94,0
DA:95,0
DA:97,0
DA:98,0
DA:99,0
DA:100,0
DA:101,0
DA:102,0
DA:104,0
DA:105,0
DA:106,0
DA:107,0
DA:108,0
DA:109,0
DA:110,0
DA:112,0
DA:114,0
DA:115,0
DA:116,0
DA:118,0
DA:119,0
DA:120,0
DA:121,0
DA:122,0
DA:123,0
DA:124,0
DA:125,0
DA:126,0
DA:127,0
DA:128,0
DA:129,0
DA:131,0
DA:132,0
DA:134,0
DA:136,0
DA:137,0
DA:138,0
DA:141,0
DA:142,0
DA:143,0
DA:144,0
DA:145,0
DA:146,0
DA:148,0
DA:149,0
DA:150,0
DA:151,0
DA:152,0
DA:153,0
DA:154,0
DA:155,0
DA:157,0
DA:158,0
DA:159,0
DA:160,0
DA:161,0
DA:162,0
DA:163,0
DA:164,0
DA:165,0
DA:166,0
DA:167,0
DA:168,0
DA:169,0
DA:170,0
DA:171,0
DA:172,0
DA:173,0
DA:174,0
DA:175,0
DA:176,0
DA:177,0
DA:178,0
DA:179,0
DA:180,0
DA:181,0
DA:182,0
DA:183,0
DA:185,0
DA:186,0
DA:187,0
DA:188,0
DA:190,0
DA:191,0
DA:192,0
DA:193,0
DA:194,0
DA:196,0
DA:197,0
DA:199,0
DA:201,1
LF:149
LH:8
BRF:0
BRH:0
end_of_record
TN:
SF:src\types\createStore.ts
FNF:0
FNH:0
DA:4,1
DA:5,1
DA:6,1
DA:7,1
DA:8,1
LF:5
LH:5
BRF:0
BRH:0
end_of_record
TN:
SF:src\types\index.ts
FN:1,(empty-report)
FNF:1
FNH:1
FNDA:1,(empty-report)
LF:0
LH:0
BRDA:1,0,0,1
BRF:1
BRH:1
end_of_record
